<?xml version="1.0" encoding="UTF-8"?>
<!-- Generated by org.testng.reporters.JUnitXMLReporter -->
<testsuite ignored="0" hostname="DESKTOP-NB17RKO" failures="0" tests="5" name="Default test" time="23.26" errors="0" timestamp="06 May 2024 04:28:52 GMT">
  <testcase classname="com.jala.qa.testcases.HomePgaeTest" name="VerifyTitleHomePage" time="2.039"/>
  <testcase classname="com.jala.qa.testcases.HomePgaeTest" name="verifyHomeVisibletext" time="0.417"/>
  <testcase classname="com.jala.qa.testcases.HomePgaeTest" name="VerifyUserId" time="0.432"/>
  <testcase classname="com.jala.qa.testcases.HomePgaeTest" name="VerifyHomepageTotalLiks" time="0.045"/>
  <testcase classname="com.jala.qa.testcases.HomePgaeTest" name="VarifyClickOnEmployeeLink" time="0.943"/>
</testsuite> <!-- Default test -->
