<?xml version="1.0" encoding="UTF-8"?>
<testng-results ignored="0" total="4" passed="4" failed="0" skipped="0">
  <reporter-output>
    <line>
      <![CDATA[click on employee tab and more tab working successfully]]>
    </line>
    <line>
      <![CDATA[Employee info successfully saved]]>
    </line>
    <line>
      <![CDATA[click on employee tab and more tab working successfully]]>
    </line>
    <line>
      <![CDATA[Employee info successfully saved]]>
    </line>
    <line>
      <![CDATA[click on employee tab and more tab working successfully]]>
    </line>
    <line>
      <![CDATA[Employee info successfully saved]]>
    </line>
    <line>
      <![CDATA[click on employee tab and more tab working successfully]]>
    </line>
    <line>
      <![CDATA[Employee info successfully saved]]>
    </line>
  </reporter-output>
  <suite started-at="2024-05-08T08:28:24Z" name="Default suite" finished-at="2024-05-08T08:29:32Z" duration-ms="67778">
    <groups>
    </groups>
    <test started-at="2024-05-08T08:28:24Z" name="Default test" finished-at="2024-05-08T08:29:32Z" duration-ms="67778">
      <class name="com.jala.qa.testcases.CreateEmployeeDatailsTest">
        <test-method is-config="true" signature="setUp()[pri:0, instance:com.jala.qa.testcases.CreateEmployeeDatailsTest@62010f5c]" started-at="2024-05-08T13:58:26Z" name="setUp" finished-at="2024-05-08T13:58:37Z" duration-ms="11393" status="PASS">
          <reporter-output>
          </reporter-output>
        </test-method> <!-- setUp -->
        <test-method signature="VarifyNewEmployeeDetailsCreation(java.lang.String, java.lang.String, java.lang.String, java.lang.String, java.lang.String)[pri:1, instance:com.jala.qa.testcases.CreateEmployeeDatailsTest@62010f5c]" started-at="2024-05-08T13:58:37Z" name="VarifyNewEmployeeDetailsCreation" data-provider="testData" finished-at="2024-05-08T13:58:49Z" duration-ms="11679" status="PASS">
          <params>
            <param index="0">
              <value>
                <![CDATA[hema]]>
              </value>
            </param>
            <param index="1">
              <value>
                <![CDATA[singh]]>
              </value>
            </param>
            <param index="2">
              <value>
                <![CDATA[hema@gmail.com]]>
              </value>
            </param>
            <param index="3">
              <value>
                <![CDATA[7.865434324E9]]>
              </value>
            </param>
            <param index="4">
              <value>
                <![CDATA[noida]]>
              </value>
            </param>
          </params>
          <reporter-output>
            <line>
              <![CDATA[click on employee tab and more tab working successfully]]>
            </line>
            <line>
              <![CDATA[Employee info successfully saved]]>
            </line>
          </reporter-output>
        </test-method> <!-- VarifyNewEmployeeDetailsCreation -->
        <test-method is-config="true" signature="tearDown()[pri:0, instance:com.jala.qa.testcases.CreateEmployeeDatailsTest@62010f5c]" started-at="2024-05-08T13:58:49Z" name="tearDown" finished-at="2024-05-08T13:58:49Z" duration-ms="350" status="PASS">
          <reporter-output>
          </reporter-output>
        </test-method> <!-- tearDown -->
        <test-method is-config="true" signature="setUp()[pri:0, instance:com.jala.qa.testcases.CreateEmployeeDatailsTest@62010f5c]" started-at="2024-05-08T13:58:49Z" name="setUp" finished-at="2024-05-08T13:58:53Z" duration-ms="3674" status="PASS">
          <reporter-output>
          </reporter-output>
        </test-method> <!-- setUp -->
        <test-method signature="VarifyNewEmployeeDetailsCreation(java.lang.String, java.lang.String, java.lang.String, java.lang.String, java.lang.String)[pri:1, instance:com.jala.qa.testcases.CreateEmployeeDatailsTest@62010f5c]" started-at="2024-05-08T13:58:53Z" name="VarifyNewEmployeeDetailsCreation" data-provider="testData" finished-at="2024-05-08T13:59:03Z" duration-ms="10284" status="PASS">
          <params>
            <param index="0">
              <value>
                <![CDATA[Raghav]]>
              </value>
            </param>
            <param index="1">
              <value>
                <![CDATA[kuar]]>
              </value>
            </param>
            <param index="2">
              <value>
                <![CDATA[raghav@gmail.con]]>
              </value>
            </param>
            <param index="3">
              <value>
                <![CDATA[7.653402912E9]]>
              </value>
            </param>
            <param index="4">
              <value>
                <![CDATA[punjab]]>
              </value>
            </param>
          </params>
          <reporter-output>
            <line>
              <![CDATA[click on employee tab and more tab working successfully]]>
            </line>
            <line>
              <![CDATA[Employee info successfully saved]]>
            </line>
          </reporter-output>
        </test-method> <!-- VarifyNewEmployeeDetailsCreation -->
        <test-method is-config="true" signature="tearDown()[pri:0, instance:com.jala.qa.testcases.CreateEmployeeDatailsTest@62010f5c]" started-at="2024-05-08T13:59:03Z" name="tearDown" finished-at="2024-05-08T13:59:03Z" duration-ms="263" status="PASS">
          <reporter-output>
          </reporter-output>
        </test-method> <!-- tearDown -->
        <test-method is-config="true" signature="setUp()[pri:0, instance:com.jala.qa.testcases.CreateEmployeeDatailsTest@62010f5c]" started-at="2024-05-08T13:59:03Z" name="setUp" finished-at="2024-05-08T13:59:07Z" duration-ms="3694" status="PASS">
          <reporter-output>
          </reporter-output>
        </test-method> <!-- setUp -->
        <test-method signature="VarifyNewEmployeeDetailsCreation(java.lang.String, java.lang.String, java.lang.String, java.lang.String, java.lang.String)[pri:1, instance:com.jala.qa.testcases.CreateEmployeeDatailsTest@62010f5c]" started-at="2024-05-08T13:59:07Z" name="VarifyNewEmployeeDetailsCreation" data-provider="testData" finished-at="2024-05-08T13:59:17Z" duration-ms="10416" status="PASS">
          <params>
            <param index="0">
              <value>
                <![CDATA[nutan]]>
              </value>
            </param>
            <param index="1">
              <value>
                <![CDATA[jha]]>
              </value>
            </param>
            <param index="2">
              <value>
                <![CDATA[nutan@gmail.com]]>
              </value>
            </param>
            <param index="3">
              <value>
                <![CDATA[9.876543234E9]]>
              </value>
            </param>
            <param index="4">
              <value>
                <![CDATA[lahor]]>
              </value>
            </param>
          </params>
          <reporter-output>
            <line>
              <![CDATA[click on employee tab and more tab working successfully]]>
            </line>
            <line>
              <![CDATA[Employee info successfully saved]]>
            </line>
          </reporter-output>
        </test-method> <!-- VarifyNewEmployeeDetailsCreation -->
        <test-method is-config="true" signature="tearDown()[pri:0, instance:com.jala.qa.testcases.CreateEmployeeDatailsTest@62010f5c]" started-at="2024-05-08T13:59:17Z" name="tearDown" finished-at="2024-05-08T13:59:18Z" duration-ms="240" status="PASS">
          <reporter-output>
          </reporter-output>
        </test-method> <!-- tearDown -->
        <test-method is-config="true" signature="setUp()[pri:0, instance:com.jala.qa.testcases.CreateEmployeeDatailsTest@62010f5c]" started-at="2024-05-08T13:59:18Z" name="setUp" finished-at="2024-05-08T13:59:21Z" duration-ms="3656" status="PASS">
          <reporter-output>
          </reporter-output>
        </test-method> <!-- setUp -->
        <test-method signature="VarifyNewEmployeeDetailsCreation(java.lang.String, java.lang.String, java.lang.String, java.lang.String, java.lang.String)[pri:1, instance:com.jala.qa.testcases.CreateEmployeeDatailsTest@62010f5c]" started-at="2024-05-08T13:59:21Z" name="VarifyNewEmployeeDetailsCreation" data-provider="testData" finished-at="2024-05-08T13:59:32Z" duration-ms="10314" status="PASS">
          <params>
            <param index="0">
              <value>
                <![CDATA[roky]]>
              </value>
            </param>
            <param index="1">
              <value>
                <![CDATA[kumar]]>
              </value>
            </param>
            <param index="2">
              <value>
                <![CDATA[roky@gmail.com]]>
              </value>
            </param>
            <param index="3">
              <value>
                <![CDATA[8.745673423E9]]>
              </value>
            </param>
            <param index="4">
              <value>
                <![CDATA[ludhiyana]]>
              </value>
            </param>
          </params>
          <reporter-output>
            <line>
              <![CDATA[click on employee tab and more tab working successfully]]>
            </line>
            <line>
              <![CDATA[Employee info successfully saved]]>
            </line>
          </reporter-output>
        </test-method> <!-- VarifyNewEmployeeDetailsCreation -->
        <test-method is-config="true" signature="tearDown()[pri:0, instance:com.jala.qa.testcases.CreateEmployeeDatailsTest@62010f5c]" started-at="2024-05-08T13:59:32Z" name="tearDown" finished-at="2024-05-08T13:59:32Z" duration-ms="297" status="PASS">
          <reporter-output>
          </reporter-output>
        </test-method> <!-- tearDown -->
      </class> <!-- com.jala.qa.testcases.CreateEmployeeDatailsTest -->
    </test> <!-- Default test -->
  </suite> <!-- Default suite -->
</testng-results>
