<?xml version="1.0" encoding="UTF-8"?>
<testng-results ignored="0" total="1" passed="1" failed="0" skipped="0">
  <reporter-output>
    <line>
      <![CDATA[Slider moved smoothly.]]>
    </line>
  </reporter-output>
  <suite started-at="2024-05-19T18:58:34Z" name="Default suite" finished-at="2024-05-19T18:58:47Z" duration-ms="12921">
    <groups>
    </groups>
    <test started-at="2024-05-19T18:58:34Z" name="Default test" finished-at="2024-05-19T18:58:47Z" duration-ms="12921">
      <class name="com.jala.qa.testcases.SliderPageTest">
        <test-method is-config="true" signature="setUp()[pri:0, instance:com.jala.qa.testcases.SliderPageTest@2ef14fe]" started-at="2024-05-20T00:28:34Z" name="setUp" finished-at="2024-05-20T00:28:45Z" duration-ms="11143" status="PASS">
          <reporter-output>
          </reporter-output>
        </test-method> <!-- setUp -->
        <test-method signature="validateSliderMover()[pri:0, instance:com.jala.qa.testcases.SliderPageTest@2ef14fe]" started-at="2024-05-20T00:28:45Z" name="validateSliderMover" finished-at="2024-05-20T00:28:46Z" duration-ms="1181" status="PASS">
          <reporter-output>
            <line>
              <![CDATA[Slider moved smoothly.]]>
            </line>
          </reporter-output>
        </test-method> <!-- validateSliderMover -->
        <test-method is-config="true" signature="tearDown()[pri:0, instance:com.jala.qa.testcases.SliderPageTest@2ef14fe]" started-at="2024-05-20T00:28:46Z" name="tearDown" finished-at="2024-05-20T00:28:47Z" duration-ms="554" status="PASS">
          <reporter-output>
          </reporter-output>
        </test-method> <!-- tearDown -->
      </class> <!-- com.jala.qa.testcases.SliderPageTest -->
    </test> <!-- Default test -->
  </suite> <!-- Default suite -->
</testng-results>
