<?xml version="1.0" encoding="UTF-8"?>
<testng-results ignored="0" total="1" passed="1" failed="0" skipped="0">
  <reporter-output>
    <line>
      <![CDATA[Slider moved successfully]]>
    </line>
  </reporter-output>
  <suite started-at="2024-05-12T10:40:26Z" name="Default suite" finished-at="2024-05-12T10:40:38Z" duration-ms="12477">
    <groups>
    </groups>
    <test started-at="2024-05-12T10:40:26Z" name="Default test" finished-at="2024-05-12T10:40:38Z" duration-ms="12477">
      <class name="com.jala.qa.testcases.SliderPageTest">
        <test-method is-config="true" signature="setUp()[pri:0, instance:com.jala.qa.testcases.SliderPageTest@524f3b3a]" started-at="2024-05-12T16:10:26Z" name="setUp" finished-at="2024-05-12T16:10:37Z" duration-ms="11102" status="PASS">
          <reporter-output>
          </reporter-output>
        </test-method> <!-- setUp -->
        <test-method signature="validateSliderMover()[pri:0, instance:com.jala.qa.testcases.SliderPageTest@524f3b3a]" started-at="2024-05-12T16:10:37Z" name="validateSliderMover" finished-at="2024-05-12T16:10:38Z" duration-ms="911" status="PASS">
          <reporter-output>
            <line>
              <![CDATA[Slider moved successfully]]>
            </line>
          </reporter-output>
        </test-method> <!-- validateSliderMover -->
        <test-method is-config="true" signature="tearDown()[pri:0, instance:com.jala.qa.testcases.SliderPageTest@524f3b3a]" started-at="2024-05-12T16:10:38Z" name="tearDown" finished-at="2024-05-12T16:10:38Z" duration-ms="431" status="PASS">
          <reporter-output>
          </reporter-output>
        </test-method> <!-- tearDown -->
      </class> <!-- com.jala.qa.testcases.SliderPageTest -->
    </test> <!-- Default test -->
  </suite> <!-- Default suite -->
</testng-results>
