<?xml version="1.0" encoding="UTF-8"?>
<testng-results ignored="0" total="1" passed="1" failed="0" skipped="0">
  <reporter-output>
    <line>
      <![CDATA[click on employee tab working successfully]]>
    </line>
    <line>
      <![CDATA[click on More tab working successfully]]>
    </line>
    <line>
      <![CDATA[Employee info successfully saved]]>
    </line>
  </reporter-output>
  <suite started-at="2024-05-07T11:14:04Z" name="Default suite" finished-at="2024-05-07T11:14:23Z" duration-ms="19760">
    <groups>
    </groups>
    <test started-at="2024-05-07T11:14:04Z" name="Default test" finished-at="2024-05-07T11:14:23Z" duration-ms="19760">
      <class name="com.jala.qa.testcases.CreateEmployeeDatailsTest">
        <test-method is-config="true" signature="setUp()[pri:0, instance:com.jala.qa.testcases.CreateEmployeeDatailsTest@327bcebd]" started-at="2024-05-07T16:44:04Z" name="setUp" finished-at="2024-05-07T16:44:11Z" duration-ms="7521" status="PASS">
          <reporter-output>
          </reporter-output>
        </test-method> <!-- setUp -->
        <test-method signature="VarifyNewEmployeeDetailsCreation()[pri:1, instance:com.jala.qa.testcases.CreateEmployeeDatailsTest@327bcebd]" started-at="2024-05-07T16:44:11Z" name="VarifyNewEmployeeDetailsCreation" finished-at="2024-05-07T16:44:23Z" duration-ms="11953" status="PASS">
          <reporter-output>
            <line>
              <![CDATA[click on employee tab working successfully]]>
            </line>
            <line>
              <![CDATA[click on More tab working successfully]]>
            </line>
            <line>
              <![CDATA[Employee info successfully saved]]>
            </line>
          </reporter-output>
        </test-method> <!-- VarifyNewEmployeeDetailsCreation -->
        <test-method is-config="true" signature="tearDown()[pri:0, instance:com.jala.qa.testcases.CreateEmployeeDatailsTest@327bcebd]" started-at="2024-05-07T16:44:23Z" name="tearDown" finished-at="2024-05-07T16:44:23Z" duration-ms="268" status="PASS">
          <reporter-output>
          </reporter-output>
        </test-method> <!-- tearDown -->
      </class> <!-- com.jala.qa.testcases.CreateEmployeeDatailsTest -->
    </test> <!-- Default test -->
  </suite> <!-- Default suite -->
</testng-results>
