<?xml version="1.0" encoding="UTF-8"?>
<testng-results ignored="0" total="2" passed="1" failed="1" skipped="0">
  <reporter-output>
  </reporter-output>
  <suite started-at="2024-05-15T15:38:10Z" name="Default suite" finished-at="2024-05-15T15:38:28Z" duration-ms="18705">
    <groups>
    </groups>
    <test started-at="2024-05-15T15:38:10Z" name="Default test" finished-at="2024-05-15T15:38:28Z" duration-ms="18705">
      <class name="com.jala.qa.testcases.LinksPageTest">
        <test-method is-config="true" signature="setUp()[pri:0, instance:com.jala.qa.testcases.LinksPageTest@77102b91]" started-at="2024-05-15T21:08:10Z" name="setUp" finished-at="2024-05-15T21:08:17Z" duration-ms="7633" status="PASS">
          <reporter-output>
          </reporter-output>
        </test-method> <!-- setUp -->
        <test-method signature="validateWorkingLinks()[pri:1, instance:com.jala.qa.testcases.LinksPageTest@77102b91]" started-at="2024-05-15T21:08:17Z" name="validateWorkingLinks" finished-at="2024-05-15T21:08:20Z" duration-ms="2637" status="PASS">
          <reporter-output>
          </reporter-output>
        </test-method> <!-- validateWorkingLinks -->
        <test-method is-config="true" signature="tearDown()[pri:0, instance:com.jala.qa.testcases.LinksPageTest@77102b91]" started-at="2024-05-15T21:08:20Z" name="tearDown" finished-at="2024-05-15T21:08:20Z" duration-ms="356" status="PASS">
          <reporter-output>
          </reporter-output>
        </test-method> <!-- tearDown -->
        <test-method is-config="true" signature="setUp()[pri:0, instance:com.jala.qa.testcases.LinksPageTest@77102b91]" started-at="2024-05-15T21:08:20Z" name="setUp" finished-at="2024-05-15T21:08:27Z" duration-ms="7077" status="PASS">
          <reporter-output>
          </reporter-output>
        </test-method> <!-- setUp -->
        <test-method signature="validatelinks()[pri:2, instance:com.jala.qa.testcases.LinksPageTest@77102b91]" started-at="2024-05-15T21:08:27Z" name="validatelinks" finished-at="2024-05-15T21:08:28Z" duration-ms="745" status="FAIL">
          <exception class="org.openqa.selenium.NoSuchWindowException">
            <message>
              <![CDATA[no such window: target window already closed
from unknown error: web view not found
  (Session info: chrome=124.0.6367.203)
Build info: version: '4.16.1', revision: '9b4c83354e'
System info: os.name: 'Windows 11', os.arch: 'amd64', os.version: '10.0', java.version: '17.0.9'
Driver info: org.openqa.selenium.chrome.ChromeDriver
Command: [d8139332cdb5035fa749b24e9a06a727, goBack {}]
Capabilities {acceptInsecureCerts: false, browserName: chrome, browserVersion: 124.0.6367.203, chrome: {chromedriverVersion: 124.0.6367.207 (a9001a6e39f..., userDataDir: C:\Users\SARVAD~1\AppData\L...}, fedcm:accounts: true, goog:chromeOptions: {debuggerAddress: localhost:63529}, networkConnectionEnabled: false, pageLoadStrategy: normal, platformName: windows, proxy: Proxy(), se:cdp: ws://localhost:63529/devtoo..., se:cdpVersion: 124.0.6367.203, setWindowRect: true, strictFileInteractability: false, timeouts: {implicit: 0, pageLoad: 300000, script: 30000}, unhandledPromptBehavior: dismiss and notify, webauthn:extension:credBlob: true, webauthn:extension:largeBlob: true, webauthn:extension:minPinLength: true, webauthn:extension:prf: true, webauthn:virtualAuthenticators: true}
Session ID: d8139332cdb5035fa749b24e9a06a727]]>
            </message>
            <full-stacktrace>
              <![CDATA[org.openqa.selenium.NoSuchWindowException: no such window: target window already closed
from unknown error: web view not found
  (Session info: chrome=124.0.6367.203)
Build info: version: '4.16.1', revision: '9b4c83354e'
System info: os.name: 'Windows 11', os.arch: 'amd64', os.version: '10.0', java.version: '17.0.9'
Driver info: org.openqa.selenium.chrome.ChromeDriver
Command: [d8139332cdb5035fa749b24e9a06a727, goBack {}]
Capabilities {acceptInsecureCerts: false, browserName: chrome, browserVersion: 124.0.6367.203, chrome: {chromedriverVersion: 124.0.6367.207 (a9001a6e39f..., userDataDir: C:\Users\SARVAD~1\AppData\L...}, fedcm:accounts: true, goog:chromeOptions: {debuggerAddress: localhost:63529}, networkConnectionEnabled: false, pageLoadStrategy: normal, platformName: windows, proxy: Proxy(), se:cdp: ws://localhost:63529/devtoo..., se:cdpVersion: 124.0.6367.203, setWindowRect: true, strictFileInteractability: false, timeouts: {implicit: 0, pageLoad: 300000, script: 30000}, unhandledPromptBehavior: dismiss and notify, webauthn:extension:credBlob: true, webauthn:extension:largeBlob: true, webauthn:extension:minPinLength: true, webauthn:extension:prf: true, webauthn:virtualAuthenticators: true}
Session ID: d8139332cdb5035fa749b24e9a06a727
	at java.base/jdk.internal.reflect.NativeConstructorAccessorImpl.newInstance0(Native Method)
	at java.base/jdk.internal.reflect.NativeConstructorAccessorImpl.newInstance(NativeConstructorAccessorImpl.java:77)
	at java.base/jdk.internal.reflect.DelegatingConstructorAccessorImpl.newInstance(DelegatingConstructorAccessorImpl.java:45)
	at java.base/java.lang.reflect.Constructor.newInstanceWithCaller(Constructor.java:499)
	at java.base/java.lang.reflect.Constructor.newInstance(Constructor.java:480)
	at org.openqa.selenium.remote.codec.w3c.W3CHttpResponseCodec.createException(W3CHttpResponseCodec.java:200)
	at org.openqa.selenium.remote.codec.w3c.W3CHttpResponseCodec.decode(W3CHttpResponseCodec.java:133)
	at org.openqa.selenium.remote.codec.w3c.W3CHttpResponseCodec.decode(W3CHttpResponseCodec.java:52)
	at org.openqa.selenium.remote.HttpCommandExecutor.execute(HttpCommandExecutor.java:191)
	at org.openqa.selenium.remote.service.DriverCommandExecutor.invokeExecute(DriverCommandExecutor.java:200)
	at org.openqa.selenium.remote.service.DriverCommandExecutor.execute(DriverCommandExecutor.java:175)
	at org.openqa.selenium.remote.RemoteWebDriver.execute(RemoteWebDriver.java:523)
	at org.openqa.selenium.remote.RemoteWebDriver.execute(RemoteWebDriver.java:596)
	at org.openqa.selenium.remote.RemoteWebDriver.execute(RemoteWebDriver.java:600)
	at org.openqa.selenium.remote.RemoteWebDriver$RemoteNavigation.back(RemoteWebDriver.java:1058)
	at com.jala.qa.pages.LinksPage.clickOnLinks(LinksPage.java:68)
	at com.jala.qa.testcases.LinksPageTest.validatelinks(LinksPageTest.java:47)
	at java.base/jdk.internal.reflect.NativeMethodAccessorImpl.invoke0(Native Method)
	at java.base/jdk.internal.reflect.NativeMethodAccessorImpl.invoke(NativeMethodAccessorImpl.java:77)
	at java.base/jdk.internal.reflect.DelegatingMethodAccessorImpl.invoke(DelegatingMethodAccessorImpl.java:43)
	at java.base/java.lang.reflect.Method.invoke(Method.java:568)
	at org.testng.internal.MethodInvocationHelper.invokeMethod(MethodInvocationHelper.java:108)
	at org.testng.internal.Invoker.invokeMethod(Invoker.java:661)
	at org.testng.internal.Invoker.invokeTestMethod(Invoker.java:869)
	at org.testng.internal.Invoker.invokeTestMethods(Invoker.java:1193)
	at org.testng.internal.TestMethodWorker.invokeTestMethods(TestMethodWorker.java:126)
	at org.testng.internal.TestMethodWorker.run(TestMethodWorker.java:109)
	at org.testng.TestRunner.privateRun(TestRunner.java:744)
	at org.testng.TestRunner.run(TestRunner.java:602)
	at org.testng.SuiteRunner.runTest(SuiteRunner.java:380)
	at org.testng.SuiteRunner.runSequentially(SuiteRunner.java:375)
	at org.testng.SuiteRunner.privateRun(SuiteRunner.java:340)
	at org.testng.SuiteRunner.run(SuiteRunner.java:289)
	at org.testng.SuiteRunnerWorker.runSuite(SuiteRunnerWorker.java:52)
	at org.testng.SuiteRunnerWorker.run(SuiteRunnerWorker.java:86)
	at org.testng.TestNG.runSuitesSequentially(TestNG.java:1301)
	at org.testng.TestNG.runSuitesLocally(TestNG.java:1226)
	at org.testng.TestNG.runSuites(TestNG.java:1144)
	at org.testng.TestNG.run(TestNG.java:1115)
	at org.testng.remote.AbstractRemoteTestNG.run(AbstractRemoteTestNG.java:115)
	at org.testng.remote.RemoteTestNG.initAndRun(RemoteTestNG.java:251)
	at org.testng.remote.RemoteTestNG.main(RemoteTestNG.java:77)
]]>
            </full-stacktrace>
          </exception> <!-- org.openqa.selenium.NoSuchWindowException -->
          <reporter-output>
          </reporter-output>
        </test-method> <!-- validatelinks -->
        <test-method is-config="true" signature="tearDown()[pri:0, instance:com.jala.qa.testcases.LinksPageTest@77102b91]" started-at="2024-05-15T21:08:28Z" name="tearDown" finished-at="2024-05-15T21:08:28Z" duration-ms="231" status="PASS">
          <reporter-output>
          </reporter-output>
        </test-method> <!-- tearDown -->
      </class> <!-- com.jala.qa.testcases.LinksPageTest -->
    </test> <!-- Default test -->
  </suite> <!-- Default suite -->
</testng-results>
