<?xml version="1.0" encoding="UTF-8"?>
<testng-results ignored="0" total="1" passed="1" failed="0" skipped="0">
  <reporter-output>
    <line>
      <![CDATA[Slider moved successfully]]>
    </line>
  </reporter-output>
  <suite started-at="2024-05-19T17:10:47Z" name="Default suite" finished-at="2024-05-19T17:10:58Z" duration-ms="10794">
    <groups>
    </groups>
    <test started-at="2024-05-19T17:10:47Z" name="Default test" finished-at="2024-05-19T17:10:58Z" duration-ms="10794">
      <class name="com.jala.qa.testcases.SliderPageTest">
        <test-method is-config="true" signature="setUp()[pri:0, instance:com.jala.qa.testcases.SliderPageTest@2ef14fe]" started-at="2024-05-19T22:40:47Z" name="setUp" finished-at="2024-05-19T22:40:57Z" duration-ms="9946" status="PASS">
          <reporter-output>
          </reporter-output>
        </test-method> <!-- setUp -->
        <test-method signature="validateSliderMover()[pri:0, instance:com.jala.qa.testcases.SliderPageTest@2ef14fe]" started-at="2024-05-19T22:40:57Z" name="validateSliderMover" finished-at="2024-05-19T22:40:58Z" duration-ms="511" status="PASS">
          <reporter-output>
            <line>
              <![CDATA[Slider moved successfully]]>
            </line>
          </reporter-output>
        </test-method> <!-- validateSliderMover -->
        <test-method is-config="true" signature="tearDown()[pri:0, instance:com.jala.qa.testcases.SliderPageTest@2ef14fe]" started-at="2024-05-19T22:40:58Z" name="tearDown" finished-at="2024-05-19T22:40:58Z" duration-ms="306" status="PASS">
          <reporter-output>
          </reporter-output>
        </test-method> <!-- tearDown -->
      </class> <!-- com.jala.qa.testcases.SliderPageTest -->
    </test> <!-- Default test -->
  </suite> <!-- Default suite -->
</testng-results>
