<?xml version="1.0" encoding="UTF-8"?>
<testng-results ignored="0" total="5" passed="5" failed="0" skipped="0">
  <reporter-output>
  </reporter-output>
  <suite started-at="2024-05-06T04:28:29Z" name="Default suite" finished-at="2024-05-06T04:28:52Z" duration-ms="23260">
    <groups>
    </groups>
    <test started-at="2024-05-06T04:28:29Z" name="Default test" finished-at="2024-05-06T04:28:52Z" duration-ms="23260">
      <class name="com.jala.qa.testcases.HomePgaeTest">
        <test-method is-config="true" signature="setUp()[pri:0, instance:com.jala.qa.testcases.HomePgaeTest@38b27cdc]" started-at="2024-05-06T09:58:29Z" name="setUp" finished-at="2024-05-06T09:58:33Z" duration-ms="4541" status="PASS">
          <reporter-output>
          </reporter-output>
        </test-method> <!-- setUp -->
        <test-method signature="VerifyTitleHomePage()[pri:1, instance:com.jala.qa.testcases.HomePgaeTest@38b27cdc]" started-at="2024-05-06T09:58:33Z" name="VerifyTitleHomePage" finished-at="2024-05-06T09:58:35Z" duration-ms="2039" status="PASS">
          <reporter-output>
          </reporter-output>
        </test-method> <!-- VerifyTitleHomePage -->
        <test-method is-config="true" signature="tearDown()[pri:0, instance:com.jala.qa.testcases.HomePgaeTest@38b27cdc]" started-at="2024-05-06T09:58:35Z" name="tearDown" finished-at="2024-05-06T09:58:35Z" duration-ms="228" status="PASS">
          <reporter-output>
          </reporter-output>
        </test-method> <!-- tearDown -->
        <test-method is-config="true" signature="setUp()[pri:0, instance:com.jala.qa.testcases.HomePgaeTest@38b27cdc]" started-at="2024-05-06T09:58:35Z" name="setUp" finished-at="2024-05-06T09:58:39Z" duration-ms="3424" status="PASS">
          <reporter-output>
          </reporter-output>
        </test-method> <!-- setUp -->
        <test-method signature="verifyHomeVisibletext()[pri:2, instance:com.jala.qa.testcases.HomePgaeTest@38b27cdc]" started-at="2024-05-06T09:58:39Z" name="verifyHomeVisibletext" finished-at="2024-05-06T09:58:39Z" duration-ms="417" status="PASS">
          <reporter-output>
          </reporter-output>
        </test-method> <!-- verifyHomeVisibletext -->
        <test-method is-config="true" signature="tearDown()[pri:0, instance:com.jala.qa.testcases.HomePgaeTest@38b27cdc]" started-at="2024-05-06T09:58:39Z" name="tearDown" finished-at="2024-05-06T09:58:39Z" duration-ms="237" status="PASS">
          <reporter-output>
          </reporter-output>
        </test-method> <!-- tearDown -->
        <test-method is-config="true" signature="setUp()[pri:0, instance:com.jala.qa.testcases.HomePgaeTest@38b27cdc]" started-at="2024-05-06T09:58:39Z" name="setUp" finished-at="2024-05-06T09:58:43Z" duration-ms="3308" status="PASS">
          <reporter-output>
          </reporter-output>
        </test-method> <!-- setUp -->
        <test-method signature="VerifyUserId()[pri:3, instance:com.jala.qa.testcases.HomePgaeTest@38b27cdc]" started-at="2024-05-06T09:58:43Z" name="VerifyUserId" finished-at="2024-05-06T09:58:43Z" duration-ms="432" status="PASS">
          <reporter-output>
          </reporter-output>
        </test-method> <!-- VerifyUserId -->
        <test-method is-config="true" signature="tearDown()[pri:0, instance:com.jala.qa.testcases.HomePgaeTest@38b27cdc]" started-at="2024-05-06T09:58:43Z" name="tearDown" finished-at="2024-05-06T09:58:43Z" duration-ms="194" status="PASS">
          <reporter-output>
          </reporter-output>
        </test-method> <!-- tearDown -->
        <test-method is-config="true" signature="setUp()[pri:0, instance:com.jala.qa.testcases.HomePgaeTest@38b27cdc]" started-at="2024-05-06T09:58:43Z" name="setUp" finished-at="2024-05-06T09:58:47Z" duration-ms="3499" status="PASS">
          <reporter-output>
          </reporter-output>
        </test-method> <!-- setUp -->
        <test-method signature="VerifyHomepageTotalLiks()[pri:4, instance:com.jala.qa.testcases.HomePgaeTest@38b27cdc]" started-at="2024-05-06T09:58:47Z" name="VerifyHomepageTotalLiks" finished-at="2024-05-06T09:58:47Z" duration-ms="45" status="PASS">
          <reporter-output>
          </reporter-output>
        </test-method> <!-- VerifyHomepageTotalLiks -->
        <test-method is-config="true" signature="tearDown()[pri:0, instance:com.jala.qa.testcases.HomePgaeTest@38b27cdc]" started-at="2024-05-06T09:58:47Z" name="tearDown" finished-at="2024-05-06T09:58:47Z" duration-ms="192" status="PASS">
          <reporter-output>
          </reporter-output>
        </test-method> <!-- tearDown -->
        <test-method is-config="true" signature="setUp()[pri:0, instance:com.jala.qa.testcases.HomePgaeTest@38b27cdc]" started-at="2024-05-06T09:58:47Z" name="setUp" finished-at="2024-05-06T09:58:51Z" duration-ms="3496" status="PASS">
          <reporter-output>
          </reporter-output>
        </test-method> <!-- setUp -->
        <test-method signature="VarifyClickOnEmployeeLink()[pri:5, instance:com.jala.qa.testcases.HomePgaeTest@38b27cdc]" started-at="2024-05-06T09:58:51Z" name="VarifyClickOnEmployeeLink" finished-at="2024-05-06T09:58:52Z" duration-ms="943" status="PASS">
          <reporter-output>
          </reporter-output>
        </test-method> <!-- VarifyClickOnEmployeeLink -->
        <test-method is-config="true" signature="tearDown()[pri:0, instance:com.jala.qa.testcases.HomePgaeTest@38b27cdc]" started-at="2024-05-06T09:58:52Z" name="tearDown" finished-at="2024-05-06T09:58:52Z" duration-ms="238" status="PASS">
          <reporter-output>
          </reporter-output>
        </test-method> <!-- tearDown -->
      </class> <!-- com.jala.qa.testcases.HomePgaeTest -->
    </test> <!-- Default test -->
  </suite> <!-- Default suite -->
</testng-results>
